0 info it worked if it ends with ok
1 verbose cli [ 'C:\\Program Files\\nodejs\\node.exe',
1 verbose cli   'C:\\Program Files\\nodejs\\node_modules\\npm\\bin\\npm-cli.js',
1 verbose cli   'i',
1 verbose cli   'zlib' ]
2 info using npm@3.10.10
3 info using node@v6.9.4
4 silly loadCurrentTree Starting
5 silly install loadCurrentTree
6 silly install readLocalPackageData
7 silly fetchPackageMetaData zlib
8 silly fetchNamedPackageData zlib
9 silly mapToRegistry name zlib
10 silly mapToRegistry using default registry
11 silly mapToRegistry registry https://registry.npmjs.org/
12 silly mapToRegistry data Result {
12 silly mapToRegistry   raw: 'zlib',
12 silly mapToRegistry   scope: null,
12 silly mapToRegistry   escapedName: 'zlib',
12 silly mapToRegistry   name: 'zlib',
12 silly mapToRegistry   rawSpec: '',
12 silly mapToRegistry   spec: 'latest',
12 silly mapToRegistry   type: 'tag' }
13 silly mapToRegistry uri https://registry.npmjs.org/zlib
14 verbose request uri https://registry.npmjs.org/zlib
15 verbose request no auth needed
16 info attempt registry request try #1 at 8:47:36 AM
17 verbose request id 8d264abf7fe3c2df
18 verbose etag W/"4e4027de-17d3"
19 verbose lastModified Mon, 08 Aug 2011 18:15:58 GMT
20 http request GET https://registry.npmjs.org/zlib
21 http 304 https://registry.npmjs.org/zlib
22 verbose headers { date: 'Sun, 26 Feb 2017 06:47:44 GMT',
22 verbose headers   via: '1.1 varnish',
22 verbose headers   'cache-control': 'max-age=300',
22 verbose headers   etag: 'W/"4e4027de-17d3"',
22 verbose headers   age: '37',
22 verbose headers   connection: 'keep-alive',
22 verbose headers   'x-served-by': 'cache-ams4438-AMS',
22 verbose headers   'x-cache': 'HIT',
22 verbose headers   'x-cache-hits': '1',
22 verbose headers   'x-timer': 'S1488091664.884360,VS0,VE0',
22 verbose headers   vary: 'Accept-Encoding' }
23 silly get cb [ 304,
23 silly get   { date: 'Sun, 26 Feb 2017 06:47:44 GMT',
23 silly get     via: '1.1 varnish',
23 silly get     'cache-control': 'max-age=300',
23 silly get     etag: 'W/"4e4027de-17d3"',
23 silly get     age: '37',
23 silly get     connection: 'keep-alive',
23 silly get     'x-served-by': 'cache-ams4438-AMS',
23 silly get     'x-cache': 'HIT',
23 silly get     'x-cache-hits': '1',
23 silly get     'x-timer': 'S1488091664.884360,VS0,VE0',
23 silly get     vary: 'Accept-Encoding' } ]
24 verbose etag https://registry.npmjs.org/zlib from cache
25 verbose get saving zlib to C:\Users\nissan.gabay\AppData\Roaming\npm-cache\registry.npmjs.org\zlib\.cache.json
26 verbose correctMkdir C:\Users\nissan.gabay\AppData\Roaming\npm-cache correctMkdir not in flight; initializing
27 silly install normalizeTree
28 silly loadCurrentTree Finishing
29 silly loadIdealTree Starting
30 silly install loadIdealTree
31 silly cloneCurrentTree Starting
32 silly install cloneCurrentTreeToIdealTree
33 silly cloneCurrentTree Finishing
34 silly loadShrinkwrap Starting
35 silly install loadShrinkwrap
36 silly loadShrinkwrap Finishing
37 silly loadAllDepsIntoIdealTree Starting
38 silly install loadAllDepsIntoIdealTree
39 silly resolveWithNewModule zlib@1.0.5 checking installable status
40 silly cache add args [ 'zlib', null ]
41 verbose cache add spec zlib
42 silly cache add parsed spec Result {
42 silly cache add   raw: 'zlib',
42 silly cache add   scope: null,
42 silly cache add   escapedName: 'zlib',
42 silly cache add   name: 'zlib',
42 silly cache add   rawSpec: '',
42 silly cache add   spec: 'latest',
42 silly cache add   type: 'tag' }
43 silly addNamed zlib@latest
44 verbose addNamed "latest" is being treated as a dist-tag for zlib
45 info addNameTag [ 'zlib', 'latest' ]
46 silly mapToRegistry name zlib
47 silly mapToRegistry using default registry
48 silly mapToRegistry registry https://registry.npmjs.org/
49 silly mapToRegistry data Result {
49 silly mapToRegistry   raw: 'zlib',
49 silly mapToRegistry   scope: null,
49 silly mapToRegistry   escapedName: 'zlib',
49 silly mapToRegistry   name: 'zlib',
49 silly mapToRegistry   rawSpec: '',
49 silly mapToRegistry   spec: 'latest',
49 silly mapToRegistry   type: 'tag' }
50 silly mapToRegistry uri https://registry.npmjs.org/zlib
51 verbose addNameTag registry:https://registry.npmjs.org/zlib not in flight; fetching
52 verbose get https://registry.npmjs.org/zlib not expired, no request
53 silly addNameTag next cb for zlib with tag latest
54 silly addNamed zlib@1.0.5
55 verbose addNamed "1.0.5" is a plain semver version for zlib
56 silly cache afterAdd zlib@1.0.5
57 verbose afterAdd C:\Users\nissan.gabay\AppData\Roaming\npm-cache\zlib\1.0.5\package\package.json not in flight; writing
58 verbose correctMkdir C:\Users\nissan.gabay\AppData\Roaming\npm-cache correctMkdir not in flight; initializing
59 verbose afterAdd C:\Users\nissan.gabay\AppData\Roaming\npm-cache\zlib\1.0.5\package\package.json written
60 silly loadAllDepsIntoIdealTree Finishing
61 silly loadIdealTree Finishing
62 silly currentTree exchangi@1.0.0
62 silly currentTree +-- ansi-regex@2.1.1
62 silly currentTree +-- ansi-styles@2.2.1
62 silly currentTree +-- asn1@0.2.3
62 silly currentTree +-- assert-plus@0.2.0
62 silly currentTree +-- asynckit@0.4.0
62 silly currentTree +-- aws-sign2@0.6.0
62 silly currentTree +-- aws4@1.6.0
62 silly currentTree +-- bcrypt-pbkdf@1.0.1
62 silly currentTree +-- bl@1.2.0
62 silly currentTree +-- bluebird@3.4.7
62 silly currentTree +-- boom@2.10.1
62 silly currentTree +-- buffer-shims@1.0.0
62 silly currentTree +-- caseless@0.11.0
62 silly currentTree +-- chalk@1.1.3
62 silly currentTree +-- combined-stream@1.0.5
62 silly currentTree +-- commander@2.9.0
62 silly currentTree +-- core-util-is@1.0.2
62 silly currentTree +-- cron-parser@1.1.0
62 silly currentTree +-- cryptiles@2.0.5
62 silly currentTree +-- dashdash@1.14.1
62 silly currentTree | `-- assert-plus@1.0.0
62 silly currentTree +-- debug@2.6.0
62 silly currentTree +-- delayed-stream@1.0.0
62 silly currentTree +-- depd@1.1.0
62 silly currentTree +-- ecc-jsbn@0.1.1
62 silly currentTree +-- end-of-stream@1.1.0
62 silly currentTree | `-- once@1.3.3
62 silly currentTree +-- escape-string-regexp@1.0.5
62 silly currentTree +-- eventemitter3@2.0.2
62 silly currentTree +-- extend@3.0.0
62 silly currentTree +-- extsprintf@1.0.2
62 silly currentTree +-- file-type@3.9.0
62 silly currentTree +-- forever-agent@0.6.1
62 silly currentTree +-- form-data@2.1.2
62 silly currentTree +-- fs@0.0.1-security
62 silly currentTree +-- generate-function@2.0.0
62 silly currentTree +-- generate-object-property@1.2.0
62 silly currentTree +-- getpass@0.1.6
62 silly currentTree | `-- assert-plus@1.0.0
62 silly currentTree +-- graceful-fs@4.1.11
62 silly currentTree +-- graceful-readlink@1.0.1
62 silly currentTree +-- har-validator@2.0.6
62 silly currentTree +-- has-ansi@2.0.0
62 silly currentTree +-- hawk@3.1.3
62 silly currentTree +-- hoek@2.16.3
62 silly currentTree +-- http-signature@1.1.1
62 silly currentTree +-- http@0.0.0
62 silly currentTree +-- https@1.0.0
62 silly currentTree +-- inherits@2.0.3
62 silly currentTree +-- is-my-json-valid@2.15.0
62 silly currentTree +-- is-property@1.0.2
62 silly currentTree +-- is-typedarray@1.0.0
62 silly currentTree +-- isarray@1.0.0
62 silly currentTree +-- isstream@0.1.2
62 silly currentTree +-- jodid25519@1.0.2
62 silly currentTree +-- jsbn@0.1.0
62 silly currentTree +-- json-schema@0.2.3
62 silly currentTree +-- json-stringify-safe@5.0.1
62 silly currentTree +-- jsonfile@2.4.0
62 silly currentTree +-- jsonpointer@4.0.1
62 silly currentTree +-- jsprim@1.3.1
62 silly currentTree +-- lodash@4.17.4
62 silly currentTree +-- long-timeout@0.0.2
62 silly currentTree +-- mime-db@1.26.0
62 silly currentTree +-- mime-types@2.1.14
62 silly currentTree +-- mime@1.3.4
62 silly currentTree +-- ms@0.7.2
62 silly currentTree +-- node-schedule@1.2.0
62 silly currentTree +-- node-telegram-bot-api@0.26.0
62 silly currentTree +-- oauth-sign@0.8.2
62 silly currentTree +-- once@1.4.0
62 silly currentTree +-- pinkie-promise@2.0.1
62 silly currentTree +-- pinkie@2.0.4
62 silly currentTree +-- process-nextick-args@1.0.7
62 silly currentTree +-- pump@1.0.2
62 silly currentTree +-- punycode@1.4.1
62 silly currentTree +-- qs@6.3.0
62 silly currentTree +-- readable-stream@2.2.2
62 silly currentTree +-- request-promise-core@1.1.1
62 silly currentTree +-- request-promise@4.1.1
62 silly currentTree +-- request@2.79.0
62 silly currentTree +-- sntp@1.0.9
62 silly currentTree +-- sshpk@1.10.2
62 silly currentTree | `-- assert-plus@1.0.0
62 silly currentTree +-- stealthy-require@1.0.0
62 silly currentTree +-- string_decoder@0.10.31
62 silly currentTree +-- stringstream@0.0.5
62 silly currentTree +-- strip-ansi@3.0.1
62 silly currentTree +-- supports-color@2.0.0
62 silly currentTree +-- tough-cookie@2.3.2
62 silly currentTree +-- tunnel-agent@0.4.3
62 silly currentTree +-- tweetnacl@0.14.5
62 silly currentTree +-- util-deprecate@1.0.2
62 silly currentTree +-- uuid@3.0.1
62 silly currentTree +-- verror@1.3.6
62 silly currentTree +-- wrappy@1.0.2
62 silly currentTree `-- xtend@4.0.1
63 silly idealTree exchangi@1.0.0
63 silly idealTree +-- ansi-regex@2.1.1
63 silly idealTree +-- ansi-styles@2.2.1
63 silly idealTree +-- asn1@0.2.3
63 silly idealTree +-- assert-plus@0.2.0
63 silly idealTree +-- asynckit@0.4.0
63 silly idealTree +-- aws-sign2@0.6.0
63 silly idealTree +-- aws4@1.6.0
63 silly idealTree +-- bcrypt-pbkdf@1.0.1
63 silly idealTree +-- bl@1.2.0
63 silly idealTree +-- bluebird@3.4.7
63 silly idealTree +-- boom@2.10.1
63 silly idealTree +-- buffer-shims@1.0.0
63 silly idealTree +-- caseless@0.11.0
63 silly idealTree +-- chalk@1.1.3
63 silly idealTree +-- combined-stream@1.0.5
63 silly idealTree +-- commander@2.9.0
63 silly idealTree +-- core-util-is@1.0.2
63 silly idealTree +-- cron-parser@1.1.0
63 silly idealTree +-- cryptiles@2.0.5
63 silly idealTree +-- dashdash@1.14.1
63 silly idealTree | `-- assert-plus@1.0.0
63 silly idealTree +-- debug@2.6.0
63 silly idealTree +-- delayed-stream@1.0.0
63 silly idealTree +-- depd@1.1.0
63 silly idealTree +-- ecc-jsbn@0.1.1
63 silly idealTree +-- end-of-stream@1.1.0
63 silly idealTree | `-- once@1.3.3
63 silly idealTree +-- escape-string-regexp@1.0.5
63 silly idealTree +-- eventemitter3@2.0.2
63 silly idealTree +-- extend@3.0.0
63 silly idealTree +-- extsprintf@1.0.2
63 silly idealTree +-- file-type@3.9.0
63 silly idealTree +-- forever-agent@0.6.1
63 silly idealTree +-- form-data@2.1.2
63 silly idealTree +-- fs@0.0.1-security
63 silly idealTree +-- generate-function@2.0.0
63 silly idealTree +-- generate-object-property@1.2.0
63 silly idealTree +-- getpass@0.1.6
63 silly idealTree | `-- assert-plus@1.0.0
63 silly idealTree +-- graceful-fs@4.1.11
63 silly idealTree +-- graceful-readlink@1.0.1
63 silly idealTree +-- har-validator@2.0.6
63 silly idealTree +-- has-ansi@2.0.0
63 silly idealTree +-- hawk@3.1.3
63 silly idealTree +-- hoek@2.16.3
63 silly idealTree +-- http-signature@1.1.1
63 silly idealTree +-- http@0.0.0
63 silly idealTree +-- https@1.0.0
63 silly idealTree +-- inherits@2.0.3
63 silly idealTree +-- is-my-json-valid@2.15.0
63 silly idealTree +-- is-property@1.0.2
63 silly idealTree +-- is-typedarray@1.0.0
63 silly idealTree +-- isarray@1.0.0
63 silly idealTree +-- isstream@0.1.2
63 silly idealTree +-- jodid25519@1.0.2
63 silly idealTree +-- jsbn@0.1.0
63 silly idealTree +-- json-schema@0.2.3
63 silly idealTree +-- json-stringify-safe@5.0.1
63 silly idealTree +-- jsonfile@2.4.0
63 silly idealTree +-- jsonpointer@4.0.1
63 silly idealTree +-- jsprim@1.3.1
63 silly idealTree +-- lodash@4.17.4
63 silly idealTree +-- long-timeout@0.0.2
63 silly idealTree +-- mime-db@1.26.0
63 silly idealTree +-- mime-types@2.1.14
63 silly idealTree +-- mime@1.3.4
63 silly idealTree +-- ms@0.7.2
63 silly idealTree +-- node-schedule@1.2.0
63 silly idealTree +-- node-telegram-bot-api@0.26.0
63 silly idealTree +-- oauth-sign@0.8.2
63 silly idealTree +-- once@1.4.0
63 silly idealTree +-- pinkie-promise@2.0.1
63 silly idealTree +-- pinkie@2.0.4
63 silly idealTree +-- process-nextick-args@1.0.7
63 silly idealTree +-- pump@1.0.2
63 silly idealTree +-- punycode@1.4.1
63 silly idealTree +-- qs@6.3.0
63 silly idealTree +-- readable-stream@2.2.2
63 silly idealTree +-- request-promise-core@1.1.1
63 silly idealTree +-- request-promise@4.1.1
63 silly idealTree +-- request@2.79.0
63 silly idealTree +-- sntp@1.0.9
63 silly idealTree +-- sshpk@1.10.2
63 silly idealTree | `-- assert-plus@1.0.0
63 silly idealTree +-- stealthy-require@1.0.0
63 silly idealTree +-- string_decoder@0.10.31
63 silly idealTree +-- stringstream@0.0.5
63 silly idealTree +-- strip-ansi@3.0.1
63 silly idealTree +-- supports-color@2.0.0
63 silly idealTree +-- tough-cookie@2.3.2
63 silly idealTree +-- tunnel-agent@0.4.3
63 silly idealTree +-- tweetnacl@0.14.5
63 silly idealTree +-- util-deprecate@1.0.2
63 silly idealTree +-- uuid@3.0.1
63 silly idealTree +-- verror@1.3.6
63 silly idealTree +-- wrappy@1.0.2
63 silly idealTree +-- xtend@4.0.1
63 silly idealTree `-- zlib@1.0.5
64 silly generateActionsToTake Starting
65 silly install generateActionsToTake
66 silly generateActionsToTake Finishing
67 silly diffTrees action count 1
68 silly diffTrees add zlib@1.0.5
69 silly decomposeActions action count 8
70 silly decomposeActions fetch zlib@1.0.5
71 silly decomposeActions extract zlib@1.0.5
72 silly decomposeActions test zlib@1.0.5
73 silly decomposeActions preinstall zlib@1.0.5
74 silly decomposeActions build zlib@1.0.5
75 silly decomposeActions install zlib@1.0.5
76 silly decomposeActions postinstall zlib@1.0.5
77 silly decomposeActions finalize zlib@1.0.5
78 silly runTopLevelLifecycles Starting
79 silly executeActions Starting
80 silly install executeActions
81 silly doSerial global-install 0
82 silly doParallel fetch 1
83 verbose correctMkdir C:\Users\nissan.gabay\AppData\Roaming\npm-cache\_locks correctMkdir not in flight; initializing
84 verbose lock using C:\Users\nissan.gabay\AppData\Roaming\npm-cache\_locks\staging-dcbd655a3fe094d7.lock for D:\Exchangi\node_modules\.staging
85 silly doParallel extract 1
86 silly extract zlib@1.0.5
87 verbose unbuild node_modules\.staging\zlib-26941fee
88 silly gentlyRm D:\Exchangi\node_modules\.staging\zlib-26941fee is being purged from base D:\Exchangi
89 verbose gentlyRm don't care about contents; nuking D:\Exchangi\node_modules\.staging\zlib-26941fee
90 verbose tar unpack C:\Users\nissan.gabay\AppData\Roaming\npm-cache\zlib\1.0.5\package.tgz
91 verbose tar unpacking to D:\Exchangi\node_modules\.staging\zlib-26941fee
92 silly gentlyRm D:\Exchangi\node_modules\.staging\zlib-26941fee is being purged
93 verbose gentlyRm don't care about contents; nuking D:\Exchangi\node_modules\.staging\zlib-26941fee
94 silly gunzTarPerm modes [ '777', '666' ]
95 silly gunzTarPerm extractEntry .gitignore
96 silly gunzTarPerm modified mode [ '.gitignore', 420, 438 ]
97 silly gunzTarPerm extractEntry configure
98 silly gunzTarPerm modified mode [ 'configure', 493, 511 ]
99 silly gunzTarPerm extractEntry index.js
100 silly gunzTarPerm modified mode [ 'index.js', 420, 438 ]
101 silly gunzTarPerm extractEntry LICENSE
102 silly gunzTarPerm modified mode [ 'LICENSE', 420, 438 ]
103 silly gunzTarPerm extractEntry Makefile
104 silly gunzTarPerm modified mode [ 'Makefile', 420, 438 ]
105 silly gunzTarPerm extractEntry package.json
106 silly gunzTarPerm modified mode [ 'package.json', 420, 438 ]
107 silly gunzTarPerm extractEntry README.md
108 silly gunzTarPerm modified mode [ 'README.md', 420, 438 ]
109 silly gunzTarPerm extractEntry wscript
110 silly gunzTarPerm modified mode [ 'wscript', 420, 438 ]
111 silly gunzTarPerm extractEntry lib/zlib.js
112 silly gunzTarPerm modified mode [ 'lib/zlib.js', 420, 438 ]
113 silly gunzTarPerm extractEntry src/node-zlib.cc
114 silly gunzTarPerm modified mode [ 'src/node-zlib.cc', 420, 438 ]
115 silly gunzTarPerm extractEntry test/deflate.test.js
116 silly gunzTarPerm modified mode [ 'test/deflate.test.js', 420, 438 ]
117 silly gunzTarPerm extractEntry test/inflate.test.js
118 silly gunzTarPerm modified mode [ 'test/inflate.test.js', 420, 438 ]
119 silly gentlyRm D:\Exchangi\node_modules\.staging\zlib-26941fee\node_modules is being purged
120 verbose gentlyRm don't care about contents; nuking D:\Exchangi\node_modules\.staging\zlib-26941fee\node_modules
121 silly doParallel preinstall 1
122 silly preinstall zlib@1.0.5 D:\Exchangi\node_modules\.staging\zlib-26941fee
123 info lifecycle zlib@1.0.5~preinstall: zlib@1.0.5
124 verbose lifecycle zlib@1.0.5~preinstall: unsafe-perm in lifecycle true
125 verbose lifecycle zlib@1.0.5~preinstall: PATH: C:\Program Files\nodejs\node_modules\npm\bin\node-gyp-bin;D:\Exchangi\node_modules\.staging\zlib-26941fee\node_modules\.bin;D:\Exchangi\node_modules\.bin;C:\WINDOWS\system32;C:\WINDOWS;C:\WINDOWS\System32\Wbem;C:\WINDOWS\System32\WindowsPowerShell\v1.0\;C:\Program Files\nodejs\;C:\Program Files\Git\cmd;C:\Users\nissan.gabay\.dnx\bin;C:\Program Files\Microsoft DNX\Dnvm\;C:\Program Files\Microsoft SQL Server\130\Tools\Binn\;C:\Ruby23-x64\bin;C:\Program Files (x86)\Microsoft VS Code\bin;C:\Users\nissan.gabay\AppData\Roaming\npm;C:\Program Files\7-Zip
126 verbose lifecycle zlib@1.0.5~preinstall: CWD: D:\Exchangi\node_modules\.staging\zlib-26941fee
127 silly lifecycle zlib@1.0.5~preinstall: Args: [ '/d /s /c',
127 silly lifecycle   'node-waf clean || true; node-waf configure build' ]
128 silly lifecycle zlib@1.0.5~preinstall: Returned: code: 1  signal: null
129 info lifecycle zlib@1.0.5~preinstall: Failed to exec preinstall script
130 verbose unlock done using C:\Users\nissan.gabay\AppData\Roaming\npm-cache\_locks\staging-dcbd655a3fe094d7.lock for D:\Exchangi\node_modules\.staging
131 silly rollbackFailedOptional Starting
132 silly rollbackFailedOptional Finishing
133 silly runTopLevelLifecycles Finishing
134 silly install printInstalled
135 warn exchangi@1.0.0 No repository field.
136 verbose If you need help, you may report this error at:
136 verbose     <https://github.com/npm/npm/issues>
137 verbose stack Error: zlib@1.0.5 preinstall: `node-waf clean || true; node-waf configure build`
137 verbose stack Exit status 1
137 verbose stack     at EventEmitter.<anonymous> (C:\Program Files\nodejs\node_modules\npm\lib\utils\lifecycle.js:255:16)
137 verbose stack     at emitTwo (events.js:106:13)
137 verbose stack     at EventEmitter.emit (events.js:191:7)
137 verbose stack     at ChildProcess.<anonymous> (C:\Program Files\nodejs\node_modules\npm\lib\utils\spawn.js:40:14)
137 verbose stack     at emitTwo (events.js:106:13)
137 verbose stack     at ChildProcess.emit (events.js:191:7)
137 verbose stack     at maybeClose (internal/child_process.js:877:16)
137 verbose stack     at Process.ChildProcess._handle.onexit (internal/child_process.js:226:5)
138 verbose pkgid zlib@1.0.5
139 verbose cwd D:\Exchangi
140 error Windows_NT 10.0.10240
141 error argv "C:\\Program Files\\nodejs\\node.exe" "C:\\Program Files\\nodejs\\node_modules\\npm\\bin\\npm-cli.js" "i" "zlib"
142 error node v6.9.4
143 error npm  v3.10.10
144 error code ELIFECYCLE
145 error zlib@1.0.5 preinstall: `node-waf clean || true; node-waf configure build`
145 error Exit status 1
146 error Failed at the zlib@1.0.5 preinstall script 'node-waf clean || true; node-waf configure build'.
146 error Make sure you have the latest version of node.js and npm installed.
146 error If you do, this is most likely a problem with the zlib package,
146 error not with npm itself.
146 error Tell the author that this fails on your system:
146 error     node-waf clean || true; node-waf configure build
146 error You can get information on how to open an issue for this project with:
146 error     npm bugs zlib
146 error Or if that isn't available, you can get their info via:
146 error     npm owner ls zlib
146 error There is likely additional logging output above.
147 verbose exit [ 1, true ]
